<?xml version="1.0" encoding="UTF-8"?>
<!-- Generated by org.testng.reporters.JUnitReportReporter -->
<testsuite hostname="DESKTOP-QI1MP5K" failures="0" tests="2" name="TestScripts.DressesTest" time="13.005" errors="0" timestamp="2022-05-15T22:36:51 IST" skipped="0">
  <testcase classname="TestScripts.DressesTest" name="isProductAddedSuccessfully" time="7.960"/>
  <system-out/>
  <testcase classname="TestScripts.DressesTest" name="isProductCountMatched" time="5.045"/>
  <system-out/>
</testsuite> <!-- TestScripts.DressesTest -->
