<?xml version="1.0" encoding="UTF-8"?>
<!-- Generated by org.testng.reporters.JUnitReportReporter -->
<testsuite hostname="DESKTOP-QI1MP5K" failures="0" tests="1" name="TestScripts.ProductTest" time="39.749" errors="0" timestamp="2022-05-16T14:18:11 IST" skipped="0">
  <testcase classname="TestScripts.ProductTest" name="isDescriptionlengthgreater" time="39.749"/>
  <system-out/>
</testsuite> <!-- TestScripts.ProductTest -->
