<?xml version="1.0" encoding="UTF-8"?>
<!-- Generated by org.testng.reporters.JUnitReportReporter -->
<testsuite hostname="DESKTOP-QI1MP5K" failures="0" tests="4" name="TestScripts.HomePageTest" time="10.272" errors="0" timestamp="2022-05-15T19:28:00 IST" skipped="0">
  <testcase classname="TestScripts.HomePageTest" name="isTshirtsTabNavigated" time="3.176"/>
  <system-out/>
  <testcase classname="TestScripts.HomePageTest" name="isWomenTabNavigated" time="2.232"/>
  <system-out/>
  <testcase classname="TestScripts.HomePageTest" name="checkTabs" time="0.572"/>
  <system-out/>
  <testcase classname="TestScripts.HomePageTest" name="isDressesTabNavigated" time="4.292"/>
  <system-out/>
</testsuite> <!-- TestScripts.HomePageTest -->
